#
# A fatal error has been detected by the Java Runtime Environment:
#
#  EXCEPTION_ACCESS_VIOLATION (0xc0000005) at pc=0x000000006a834757, pid=431896, tid=0x00000000000c2100
#
# JRE version: Java(TM) SE Runtime Environment (8.0_181-b13) (build 1.8.0_181-b13)
# Java VM: Java HotSpot(TM) 64-Bit Server VM (25.181-b13 mixed mode windows-amd64 compressed oops)
# Problematic frame:
# V  [jvm.dll+0x214757]
#
# Failed to write core dump. Minidumps are not enabled by default on client versions of Windows
#
# If you would like to submit a bug report, please visit:
#   http://bugreport.java.com/bugreport/crash.jsp
#

---------------  T H R E A D  ---------------

Current thread (0x0000003285c1e800):  JavaThread "Thread-195081" [_thread_in_vm, id=794880, stack(0x00000032898d0000,0x00000032899d0000)]

siginfo: ExceptionCode=0xc0000005, writing address 0x00000032899c9520

Registers:
RAX=0x00000032899c9520, RBX=0x0000000000000007, RCX=0x0000000000006000, RDX=0x0000000000000006
RSP=0x00000032899cf520, RBP=0x0000000000000000, RSI=0x00000032899cf520, RDI=0x0000000000000007
R8 =0x0000000000000006, R9 =0x000000318ad8b260, R10=0x000000001c5ae1d8, R11=0x00000032898da148
R12=0x000000318ad8b260, R13=0x0000003285c1e800, R14=0x00000032899cf5e8, R15=0x000000001c5ae1d8
RIP=0x000000006a834757, EFLAGS=0x0000000000010202

Top of Stack: (sp=0x00000032899cf520)
0x00000032899cf520:   0000000000000002 00000007c0006bd0
0x00000032899cf530:   0000003285c1e800 000000318ad8b260
0x00000032899cf540:   00000000ffffffff 000000006a835687
0x00000032899cf550:   00000032899cf650 000000001c5ae1d8
0x00000032899cf560:   0000003285c1e800 000000006a6e1073
0x00000032899cf570:   00000032899cf5b0 0000003285c1e800
0x00000032899cf580:   00000032899cf640 0000003285c1e800
0x00000032899cf590:   000000001c5ae1d8 0000003285c1e800
0x00000032899cf5a0:   00000000033f6e60 0000003285c1e800
0x00000032899cf5b0:   000000001c5ae1d8 0000003285c1e800
0x00000032899cf5c0:   000000001c5ae1d8 0000003285c1e800
0x00000032899cf5d0:   0000000000000001 000000001c5ae1d8
0x00000032899cf5e0:   0000003285c1e800 0000003201a249e0
0x00000032899cf5f0:   0000003285c1e800 000000006a6e27dd
0x00000032899cf600:   00000032899cf908 00000007c0006bd0
0x00000032899cf610:   00000007c0006bd0 00007ffc91ca4ef7 

Instructions: (pc=0x000000006a834757)
0x000000006a834737:   48 89 6c 24 30 33 ed 66 90 e8 9b 4e 08 00 ff c3
0x000000006a834747:   48 63 c8 48 8b c6 48 0f af cf 48 ff c7 48 2b c1
0x000000006a834757:   89 28 48 63 c3 48 3b 05 f5 80 59 00 7e db 48 8b
0x000000006a834767:   6c 24 30 48 8b 5c 24 38 48 8b 74 24 40 48 83 c4 


Register to memory mapping:

RAX=0x00000032899c9520 is pointing into the stack for thread: 0x0000003285c1e800
RBX=